MySQL Log Change
-------------------------------------------------

ThinkSAAS1.7 sql change
-------------------------------------------------
ALTER TABLE `ts_user_info` DROP `sex`

ALTER TABLE `ts_user_info` DROP `phone` 

ALTER TABLE `ts_user_info` DROP `roleid`

ALTER TABLE `ts_user_info` DROP `areaid` 

ALTER TABLE `ts_user_info` DROP `address` 

ALTER TABLE `ts_user_info`
  DROP `signed`,
  DROP `ip`,
  DROP `qqt_oauth_token`,
  DROP `qqt_oauth_token_secret`,
  DROP `count_score`,
  DROP `count_follow`,
  DROP `count_followed`;

  
DROP TABLE `ts_user_follow`, `ts_user_invites`, `ts_user_role`, `ts_user_scores`;
 
DROP TABLE `ts_tag_user_index` ;

DROP TABLE `ts_search_key` ;

ALTER TABLE `ts_user` ADD `salt` CHAR( 32 ) NOT NULL DEFAULT '' COMMENT '加点盐' AFTER `pwd` ;

ThinkSAAS1.6 sql change
-------------------------------------------------

ALTER TABLE `ts_photo` ADD `isrecommend` TINYINT( 1 ) NOT NULL DEFAULT '0' COMMENT '0不推荐1推荐' AFTER `count_view` 

ALTER TABLE `ts_group_options` DROP `optionid` 

INSERT INTO `ts_group_options` (`optionname`, `optionvalue`) VALUES ('ismode', '0');